# JRE version: OpenJDK Runtime Environment (21.0.9+10) (build 21.0.9+10-Ubuntu-124.04)
# Java VM: OpenJDK 64-Bit Server VM (21.0.9+10-Ubuntu-124.04, mixed mode, sharing, tiered, compressed oops, compressed class ptrs, g1 gc, linux-amd64)
GC Precious Log:
 CardTable entry size: 512
 Card Set container configuration: InlinePtr #cards 4 size 8 Array Of Cards #cards 32 size 80 Howl #buckets 8 coarsen threshold 7372 Howl Bitmap #cards 1024 size 144 coarsen threshold 921 Card regions per heap region 1 cards per card region 8192
 CPUs: 16 total, 16 available
 Memory: 30728M
 Large Page Support: Disabled
 NUMA Support: Disabled
 Compressed Oops: Enabled (Zero based)
 Heap Region Size: 4M
 Heap Min Capacity: 8M
 Heap Initial Capacity: 484M
 Heap Max Capacity: 7684M
 Pre-touch: Disabled
 Parallel Workers: 13
 Concurrent Workers: 3
 Concurrent Refinement Workers: 13
 Periodic GC: Disabled
Heap:
 garbage-first heap   total 151552K, used 66804K [0x000000061fc00000, 0x0000000800000000)
  region size 4096K, 12 young (49152K), 2 survivors (8192K)
 Metaspace       used 18530K, committed 18880K, reserved 1114112K
  class space    used 2618K, committed 2816K, reserved 1048576K
GC Heap History (20 events):
Event: 1.094 GC heap before
{Heap before GC invocations=8 (full 4):
 garbage-first heap   total 262144K, used 113767K [0x000000061fc00000, 0x0000000800000000)
  region size 4096K, 27 young (110592K), 1 survivors (4096K)
 Metaspace       used 12254K, committed 12544K, reserved 1114112K
  class space    used 1518K, committed 1664K, reserved 1048576K
}
Event: 1.106 GC heap after
{Heap after GC invocations=9 (full 5):
 garbage-first heap   total 110592K, used 16422K [0x000000061fc00000, 0x0000000800000000)
  region size 4096K, 0 young (0K), 0 survivors (0K)
 Metaspace       used 12254K, committed 12544K, reserved 1114112K
  class space    used 1518K, committed 1664K, reserved 1048576K
}
Event: 1.204 GC heap before
{Heap before GC invocations=9 (full 5):
 garbage-first heap   total 110592K, used 28710K [0x000000061fc00000, 0x0000000800000000)
  region size 4096K, 4 young (16384K), 0 survivors (0K)
 Metaspace       used 12808K, committed 13056K, reserved 1114112K
  class space    used 1614K, committed 1728K, reserved 1048576K
}
Event: 1.223 GC heap after
{Heap after GC invocations=10 (full 6):
 garbage-first heap   total 69632K, used 17306K [0x000000061fc00000, 0x0000000800000000)
  region size 4096K, 0 young (0K), 0 survivors (0K)
 Metaspace       used 12808K, committed 13056K, reserved 1114112K
  class space    used 1614K, committed 1728K, reserved 1048576K
}
Event: 1.466 GC heap before
{Heap before GC invocations=10 (full 6):
 garbage-first heap   total 69632K, used 45978K [0x000000061fc00000, 0x0000000800000000)
  region size 4096K, 7 young (28672K), 0 survivors (0K)
 Metaspace       used 14643K, committed 14976K, reserved 1114112K
  class space    used 1992K, committed 2112K, reserved 1048576K
}
Event: 1.470 GC heap after
{Heap after GC invocations=11 (full 6):
 garbage-first heap   total 69632K, used 19959K [0x000000061fc00000, 0x0000000800000000)
  region size 4096K, 1 young (4096K), 1 survivors (4096K)
 Metaspace       used 14643K, committed 14976K, reserved 1114112K
  class space    used 1992K, committed 2112K, reserved 1048576K
}
Event: 1.550 GC heap before
{Heap before GC invocations=11 (full 6):
 garbage-first heap   total 69632K, used 48631K [0x000000061fc00000, 0x0000000800000000)
  region size 4096K, 8 young (32768K), 1 survivors (4096K)
 Metaspace       used 14855K, committed 15232K, reserved 1114112K
  class space    used 2008K, committed 2176K, reserved 1048576K
}
Event: 1.553 GC heap after
{Heap after GC invocations=12 (full 6):
 garbage-first heap   total 69632K, used 22538K [0x000000061fc00000, 0x0000000800000000)
  region size 4096K, 1 young (4096K), 1 survivors (4096K)
 Metaspace       used 14855K, committed 15232K, reserved 1114112K
  class space    used 2008K, committed 2176K, reserved 1048576K
}
Event: 1.720 GC heap before
{Heap before GC invocations=12 (full 6):
 garbage-first heap   total 69632K, used 51210K [0x000000061fc00000, 0x0000000800000000)
  region size 4096K, 8 young (32768K), 1 survivors (4096K)
 Metaspace       used 15257K, committed 15616K, reserved 1114112K
  class space    used 2073K, committed 2240K, reserved 1048576K
}
Event: 1.722 GC heap after
{Heap after GC invocations=13 (full 6):
 garbage-first heap   total 69632K, used 21723K [0x000000061fc00000, 0x0000000800000000)
  region size 4096K, 1 young (4096K), 1 survivors (4096K)
 Metaspace       used 15257K, committed 15616K, reserved 1114112K
  class space    used 2073K, committed 2240K, reserved 1048576K
}
Event: 1.808 GC heap before
{Heap before GC invocations=13 (full 6):
 garbage-first heap   total 69632K, used 50395K [0x000000061fc00000, 0x0000000800000000)
  region size 4096K, 8 young (32768K), 1 survivors (4096K)
 Metaspace       used 15519K, committed 15808K, reserved 1114112K
  class space    used 2119K, committed 2240K, reserved 1048576K
}
Event: 1.811 GC heap after
{Heap after GC invocations=14 (full 6):
 garbage-first heap   total 69632K, used 24395K [0x000000061fc00000, 0x0000000800000000)
  region size 4096K, 1 young (4096K), 1 survivors (4096K)
 Metaspace       used 15519K, committed 15808K, reserved 1114112K
  class space    used 2119K, committed 2240K, reserved 1048576K
}
Event: 1.843 GC heap before
{Heap before GC invocations=14 (full 6):
 garbage-first heap   total 69632K, used 28491K [0x000000061fc00000, 0x0000000800000000)
  region size 4096K, 3 young (12288K), 1 survivors (4096K)
 Metaspace       used 15533K, committed 15808K, reserved 1114112K
  class space    used 2119K, committed 2240K, reserved 1048576K
}
Event: 1.877 GC heap after
{Heap after GC invocations=15 (full 7):
 garbage-first heap   total 69632K, used 22408K [0x000000061fc00000, 0x0000000800000000)
  region size 4096K, 0 young (0K), 0 survivors (0K)
 Metaspace       used 15533K, committed 15808K, reserved 1114112K
  class space    used 2119K, committed 2240K, reserved 1048576K
}
Event: 1.995 GC heap before
{Heap before GC invocations=15 (full 7):
 garbage-first heap   total 69632K, used 51080K [0x000000061fc00000, 0x0000000800000000)
  region size 4096K, 8 young (32768K), 0 survivors (0K)
 Metaspace       used 15735K, committed 16128K, reserved 1114112K
  class space    used 2149K, committed 2304K, reserved 1048576K
}
Event: 1.997 GC heap after
{Heap after GC invocations=16 (full 7):
 garbage-first heap   total 282624K, used 23085K [0x000000061fc00000, 0x0000000800000000)
  region size 4096K, 1 young (4096K), 1 survivors (4096K)
 Metaspace       used 15735K, committed 16128K, reserved 1114112K
  class space    used 2149K, committed 2304K, reserved 1048576K
}
Event: 2.212 GC heap before
{Heap before GC invocations=16 (full 7):
 garbage-first heap   total 282624K, used 72237K [0x000000061fc00000, 0x0000000800000000)
  region size 4096K, 14 young (57344K), 1 survivors (4096K)
 Metaspace       used 16288K, committed 16640K, reserved 1114112K
  class space    used 2242K, committed 2368K, reserved 1048576K
}
Event: 2.227 GC heap after
{Heap after GC invocations=17 (full 8):
 garbage-first heap   total 151552K, used 23579K [0x000000061fc00000, 0x0000000800000000)
  region size 4096K, 0 young (0K), 0 survivors (0K)
 Metaspace       used 16288K, committed 16640K, reserved 1114112K
  class space    used 2242K, committed 2368K, reserved 1048576K
}
Event: 2.676 GC heap before
{Heap before GC invocations=17 (full 8):
 garbage-first heap   total 151552K, used 109595K [0x000000061fc00000, 0x0000000800000000)
  region size 4096K, 21 young (86016K), 0 survivors (0K)
 Metaspace       used 17913K, committed 18240K, reserved 1114112K
  class space    used 2506K, committed 2624K, reserved 1048576K
}
Event: 2.679 GC heap after
{Heap after GC invocations=18 (full 8):
 garbage-first heap   total 151552K, used 29940K [0x000000061fc00000, 0x0000000800000000)
  region size 4096K, 2 young (8192K), 2 survivors (8192K)
 Metaspace       used 17913K, committed 18240K, reserved 1114112K
  class space    used 2506K, committed 2624K, reserved 1048576K
}

