# JRE version: OpenJDK Runtime Environment (21.0.9+10) (build 21.0.9+10-Ubuntu-124.04)
# Java VM: OpenJDK 64-Bit Server VM (21.0.9+10-Ubuntu-124.04, mixed mode, sharing, tiered, compressed oops, compressed class ptrs, g1 gc, linux-amd64)
GC Precious Log:
 CardTable entry size: 512
 Card Set container configuration: InlinePtr #cards 4 size 8 Array Of Cards #cards 32 size 80 Howl #buckets 8 coarsen threshold 7372 Howl Bitmap #cards 1024 size 144 coarsen threshold 921 Card regions per heap region 1 cards per card region 8192
 CPUs: 16 total, 16 available
 Memory: 30728M
 Large Page Support: Disabled
 NUMA Support: Disabled
 Compressed Oops: Enabled (Zero based)
 Heap Region Size: 4M
 Heap Min Capacity: 8M
 Heap Initial Capacity: 484M
 Heap Max Capacity: 7684M
 Pre-touch: Disabled
 Parallel Workers: 13
 Concurrent Workers: 3
 Concurrent Refinement Workers: 13
 Periodic GC: Disabled
Heap:
 garbage-first heap   total 1818624K, used 580786K [0x000000061fc00000, 0x0000000800000000)
  region size 4096K, 77 young (315392K), 1 survivors (4096K)
 Metaspace       used 26409K, committed 28224K, reserved 1114112K
  class space    used 3716K, committed 4160K, reserved 1048576K
GC Heap History (20 events):
Event: 459.447 GC heap before
{Heap before GC invocations=1825 (full 14):
 garbage-first heap   total 1818624K, used 1330336K [0x000000061fc00000, 0x0000000800000000)
  region size 4096K, 266 young (1089536K), 1 survivors (4096K)
 Metaspace       used 26272K, committed 28160K, reserved 1114112K
  class space    used 3695K, committed 4160K, reserved 1048576K
}
Event: 459.449 GC heap after
{Heap after GC invocations=1826 (full 14):
 garbage-first heap   total 1818624K, used 244923K [0x000000061fc00000, 0x0000000800000000)
  region size 4096K, 1 young (4096K), 1 survivors (4096K)
 Metaspace       used 26272K, committed 28160K, reserved 1114112K
  class space    used 3695K, committed 4160K, reserved 1048576K
}
Event: 459.740 GC heap before
{Heap before GC invocations=1826 (full 14):
 garbage-first heap   total 1818624K, used 1330363K [0x000000061fc00000, 0x0000000800000000)
  region size 4096K, 266 young (1089536K), 1 survivors (4096K)
 Metaspace       used 26272K, committed 28160K, reserved 1114112K
  class space    used 3695K, committed 4160K, reserved 1048576K
}
Event: 459.741 GC heap after
{Heap after GC invocations=1827 (full 14):
 garbage-first heap   total 1818624K, used 244903K [0x000000061fc00000, 0x0000000800000000)
  region size 4096K, 1 young (4096K), 1 survivors (4096K)
 Metaspace       used 26272K, committed 28160K, reserved 1114112K
  class space    used 3695K, committed 4160K, reserved 1048576K
}
Event: 460.039 GC heap before
{Heap before GC invocations=1827 (full 14):
 garbage-first heap   total 1818624K, used 1330343K [0x000000061fc00000, 0x0000000800000000)
  region size 4096K, 266 young (1089536K), 1 survivors (4096K)
 Metaspace       used 26272K, committed 28160K, reserved 1114112K
  class space    used 3695K, committed 4160K, reserved 1048576K
}
Event: 460.040 GC heap after
{Heap after GC invocations=1828 (full 14):
 garbage-first heap   total 1818624K, used 244904K [0x000000061fc00000, 0x0000000800000000)
  region size 4096K, 1 young (4096K), 1 survivors (4096K)
 Metaspace       used 26272K, committed 28160K, reserved 1114112K
  class space    used 3695K, committed 4160K, reserved 1048576K
}
Event: 460.332 GC heap before
{Heap before GC invocations=1828 (full 14):
 garbage-first heap   total 1818624K, used 1330344K [0x000000061fc00000, 0x0000000800000000)
  region size 4096K, 266 young (1089536K), 1 survivors (4096K)
 Metaspace       used 26272K, committed 28160K, reserved 1114112K
  class space    used 3695K, committed 4160K, reserved 1048576K
}
Event: 460.333 GC heap after
{Heap after GC invocations=1829 (full 14):
 garbage-first heap   total 1818624K, used 244873K [0x000000061fc00000, 0x0000000800000000)
  region size 4096K, 1 young (4096K), 1 survivors (4096K)
 Metaspace       used 26272K, committed 28160K, reserved 1114112K
  class space    used 3695K, committed 4160K, reserved 1048576K
}
Event: 460.623 GC heap before
{Heap before GC invocations=1829 (full 14):
 garbage-first heap   total 1818624K, used 1330313K [0x000000061fc00000, 0x0000000800000000)
  region size 4096K, 266 young (1089536K), 1 survivors (4096K)
 Metaspace       used 26272K, committed 28160K, reserved 1114112K
  class space    used 3695K, committed 4160K, reserved 1048576K
}
Event: 460.625 GC heap after
{Heap after GC invocations=1830 (full 14):
 garbage-first heap   total 1818624K, used 244873K [0x000000061fc00000, 0x0000000800000000)
  region size 4096K, 1 young (4096K), 1 survivors (4096K)
 Metaspace       used 26272K, committed 28160K, reserved 1114112K
  class space    used 3695K, committed 4160K, reserved 1048576K
}
Event: 460.922 GC heap before
{Heap before GC invocations=1830 (full 14):
 garbage-first heap   total 1818624K, used 1330313K [0x000000061fc00000, 0x0000000800000000)
  region size 4096K, 266 young (1089536K), 1 survivors (4096K)
 Metaspace       used 26304K, committed 28160K, reserved 1114112K
  class space    used 3703K, committed 4160K, reserved 1048576K
}
Event: 460.923 GC heap after
{Heap after GC invocations=1831 (full 14):
 garbage-first heap   total 1818624K, used 244894K [0x000000061fc00000, 0x0000000800000000)
  region size 4096K, 1 young (4096K), 1 survivors (4096K)
 Metaspace       used 26304K, committed 28160K, reserved 1114112K
  class space    used 3703K, committed 4160K, reserved 1048576K
}
Event: 461.210 GC heap before
{Heap before GC invocations=1831 (full 14):
 garbage-first heap   total 1818624K, used 1330334K [0x000000061fc00000, 0x0000000800000000)
  region size 4096K, 266 young (1089536K), 1 survivors (4096K)
 Metaspace       used 26304K, committed 28160K, reserved 1114112K
  class space    used 3703K, committed 4160K, reserved 1048576K
}
Event: 461.211 GC heap after
{Heap after GC invocations=1832 (full 14):
 garbage-first heap   total 1818624K, used 244902K [0x000000061fc00000, 0x0000000800000000)
  region size 4096K, 1 young (4096K), 1 survivors (4096K)
 Metaspace       used 26304K, committed 28160K, reserved 1114112K
  class space    used 3703K, committed 4160K, reserved 1048576K
}
Event: 461.496 GC heap before
{Heap before GC invocations=1832 (full 14):
 garbage-first heap   total 1818624K, used 1330342K [0x000000061fc00000, 0x0000000800000000)
  region size 4096K, 266 young (1089536K), 1 survivors (4096K)
 Metaspace       used 26304K, committed 28160K, reserved 1114112K
  class space    used 3703K, committed 4160K, reserved 1048576K
}
Event: 461.497 GC heap after
{Heap after GC invocations=1833 (full 14):
 garbage-first heap   total 1818624K, used 244905K [0x000000061fc00000, 0x0000000800000000)
  region size 4096K, 1 young (4096K), 1 survivors (4096K)
 Metaspace       used 26304K, committed 28160K, reserved 1114112K
  class space    used 3703K, committed 4160K, reserved 1048576K
}
Event: 461.783 GC heap before
{Heap before GC invocations=1833 (full 14):
 garbage-first heap   total 1818624K, used 1330345K [0x000000061fc00000, 0x0000000800000000)
  region size 4096K, 266 young (1089536K), 1 survivors (4096K)
 Metaspace       used 26304K, committed 28160K, reserved 1114112K
  class space    used 3703K, committed 4160K, reserved 1048576K
}
Event: 461.784 GC heap after
{Heap after GC invocations=1834 (full 14):
 garbage-first heap   total 1818624K, used 245112K [0x000000061fc00000, 0x0000000800000000)
  region size 4096K, 1 young (4096K), 1 survivors (4096K)
 Metaspace       used 26304K, committed 28160K, reserved 1114112K
  class space    used 3703K, committed 4160K, reserved 1048576K
}
Event: 462.074 GC heap before
{Heap before GC invocations=1834 (full 14):
 garbage-first heap   total 1818624K, used 1330552K [0x000000061fc00000, 0x0000000800000000)
  region size 4096K, 266 young (1089536K), 1 survivors (4096K)
 Metaspace       used 26304K, committed 28160K, reserved 1114112K
  class space    used 3703K, committed 4160K, reserved 1048576K
}
Event: 462.075 GC heap after
{Heap after GC invocations=1835 (full 14):
 garbage-first heap   total 1818624K, used 244914K [0x000000061fc00000, 0x0000000800000000)
  region size 4096K, 1 young (4096K), 1 survivors (4096K)
 Metaspace       used 26304K, committed 28160K, reserved 1114112K
  class space    used 3703K, committed 4160K, reserved 1048576K
}

